<?xml version="1.0" encoding="UTF-8"?>
<coverage generated="1690660553717" clover="3.2.0">
  <project timestamp="1690660553717" name="All files">
    <metrics statements="3" coveredstatements="3" conditionals="3" coveredconditionals="3" methods="1" coveredmethods="1" elements="7" coveredelements="7" complexity="0" loc="3" ncloc="3" packages="1" files="1" classes="1"/>
    <file name="leapYears.js" path="/Users/nikolas/Projects/the_odin_project/javascript-exercises/06_leapYears/leapYears.js">
      <metrics statements="3" coveredstatements="3" conditionals="3" coveredconditionals="3" methods="1" coveredmethods="1"/>
      <line num="1" count="1" type="stmt"/>
      <line num="12" count="6" type="cond" truecount="3" falsecount="0"/>
      <line num="17" count="1" type="stmt"/>
    </file>
  </project>
</coverage>
