{"/Users/nikolas/Projects/the_odin_project/javascript-exercises/06_leapYears/leapYears.js": {"path":"/Users/nikolas/Projects/the_odin_project/javascript-exercises/06_leapYears/leapYears.js","statementMap":{"0":{"start":{"line":1,"column":18},"end":{"line":14,"column":1}},"1":{"start":{"line":12,"column":4},"end":{"line":12,"column":83}},"2":{"start":{"line":17,"column":0},"end":{"line":17,"column":27}}},"fnMap":{"0":{"name":"(anonymous_0)","decl":{"start":{"line":1,"column":18},"end":{"line":1,"column":19}},"loc":{"start":{"line":1,"column":38},"end":{"line":14,"column":1}},"line":1}},"branchMap":{"0":{"loc":{"start":{"line":12,"column":11},"end":{"line":12,"column":82}},"type":"binary-expr","locations":[{"start":{"line":12,"column":11},"end":{"line":12,"column":30}},{"start":{"line":12,"column":35},"end":{"line":12,"column":56}},{"start":{"line":12,"column":60},"end":{"line":12,"column":81}}],"line":12}},"s":{"0":1,"1":6,"2":1},"f":{"0":6},"b":{"0":[6,5,3]},"_coverageSchema":"1a1c01bbd47fc00a2c39e90264f33305004495a9","hash":"83343fdde0548fa1f44bc489bf8fbbc6f68c1e9d"}
}
